<?xml version="1.0" encoding="UTF-8"?>
<!-- Generated by org.testng.reporters.JUnitReportReporter -->
<testsuite skipped="0" hostname="ANKITGUPTA" name="HFWebPkg.LogIn" tests="1" failures="0" timestamp="21 Nov 2019 17:48:35 GMT" time="33.017" errors="0">
  <testcase name="logIn" time="33.017" classname="HFWebPkg.LogIn"/>
</testsuite> <!-- HFWebPkg.LogIn -->
