<?xml version="1.0" encoding="UTF-8"?>
<!-- Generated by org.testng.reporters.JUnitReportReporter -->
<testsuite skipped="0" hostname="ANKITGUPTA" name="HFWebPkg.CheckOut" tests="1" failures="0" timestamp="21 Nov 2019 17:48:35 GMT" time="93.563" errors="0">
  <testcase name="checkOut" time="93.563" classname="HFWebPkg.CheckOut"/>
</testsuite> <!-- HFWebPkg.CheckOut -->
