<?xml version="1.0" encoding="UTF-8"?>
<!-- Generated by org.testng.reporters.JUnitReportReporter -->
<testsuite hostname="LAVISHAKAPOOR" failures="0" tests="2" name="net.javaguides.maven_web_project.newresttest.test1" time="13.431" errors="0" timestamp="2019-11-22T16:09:16 IST" skipped="0">
  <testcase classname="net.javaguides.maven_web_project.newresttest.test1" name="api_createBooking" time="12.618"/>
  <testcase classname="net.javaguides.maven_web_project.newresttest.test1" name="api_getBooking" time="0.813"/>
</testsuite> <!-- net.javaguides.maven_web_project.newresttest.test1 -->
